mode: set
github.com/bryanchen463/quota_data_service/client/v1/client.go:17.126,18.57 1 1
github.com/bryanchen463/quota_data_service/client/v1/client.go:18.57,20.17 2 1
github.com/bryanchen463/quota_data_service/client/v1/client.go:20.17,22.4 1 0
github.com/bryanchen463/quota_data_service/client/v1/client.go:23.3,23.19 1 1
github.com/bryanchen463/quota_data_service/client/v1/client.go:25.2,25.16 1 1
github.com/bryanchen463/quota_data_service/client/v1/client.go:25.16,27.3 1 0
github.com/bryanchen463/quota_data_service/client/v1/client.go:28.2,29.12 2 1
github.com/bryanchen463/quota_data_service/client/v1/client.go:32.110,34.16 2 1
github.com/bryanchen463/quota_data_service/client/v1/client.go:34.16,36.3 1 0
github.com/bryanchen463/quota_data_service/client/v1/client.go:37.2,42.16 4 1
github.com/bryanchen463/quota_data_service/client/v1/client.go:42.16,44.3 1 1
github.com/bryanchen463/quota_data_service/client/v1/client.go:45.2,45.27 1 0
github.com/bryanchen463/quota_data_service/client/v1/client.go:48.149,50.16 2 1
github.com/bryanchen463/quota_data_service/client/v1/client.go:50.16,52.3 1 0
github.com/bryanchen463/quota_data_service/client/v1/client.go:53.2,57.16 4 1
github.com/bryanchen463/quota_data_service/client/v1/client.go:57.16,58.20 1 1
github.com/bryanchen463/quota_data_service/client/v1/client.go:58.20,60.4 1 0
github.com/bryanchen463/quota_data_service/client/v1/client.go:61.3,61.18 1 1
github.com/bryanchen463/quota_data_service/client/v1/client.go:63.2,63.28 1 0
github.com/bryanchen463/quota_data_service/client/v1/client.go:66.59,68.16 2 1
github.com/bryanchen463/quota_data_service/client/v1/client.go:68.16,70.3 1 0
github.com/bryanchen463/quota_data_service/client/v1/client.go:71.2,75.16 4 1
github.com/bryanchen463/quota_data_service/client/v1/client.go:75.16,77.3 1 1
github.com/bryanchen463/quota_data_service/client/v1/client.go:78.2,78.23 1 0
github.com/bryanchen463/quota_data_service/client/v1/client.go:78.23,80.3 1 0
github.com/bryanchen463/quota_data_service/client/v1/client.go:81.2,81.12 1 0
github.com/bryanchen463/quota_data_service/client/v1/test_config.go:21.38,31.2 1 0
github.com/bryanchen463/quota_data_service/client/v1/test_config.go:34.42,37.61 2 0
github.com/bryanchen463/quota_data_service/client/v1/test_config.go:37.61,39.3 1 0
github.com/bryanchen463/quota_data_service/client/v1/test_config.go:41.2,41.61 1 0
github.com/bryanchen463/quota_data_service/client/v1/test_config.go:41.61,42.53 1 0
github.com/bryanchen463/quota_data_service/client/v1/test_config.go:42.53,44.4 1 0
github.com/bryanchen463/quota_data_service/client/v1/test_config.go:47.2,47.58 1 0
github.com/bryanchen463/quota_data_service/client/v1/test_config.go:47.58,48.52 1 0
github.com/bryanchen463/quota_data_service/client/v1/test_config.go:48.52,50.4 1 0
github.com/bryanchen463/quota_data_service/client/v1/test_config.go:53.2,53.70 1 0
github.com/bryanchen463/quota_data_service/client/v1/test_config.go:53.70,54.62 1 0
github.com/bryanchen463/quota_data_service/client/v1/test_config.go:54.62,56.4 1 0
github.com/bryanchen463/quota_data_service/client/v1/test_config.go:59.2,59.70 1 0
github.com/bryanchen463/quota_data_service/client/v1/test_config.go:59.70,60.62 1 0
github.com/bryanchen463/quota_data_service/client/v1/test_config.go:60.62,62.4 1 0
github.com/bryanchen463/quota_data_service/client/v1/test_config.go:65.2,65.67 1 0
github.com/bryanchen463/quota_data_service/client/v1/test_config.go:65.67,67.3 1 0
github.com/bryanchen463/quota_data_service/client/v1/test_config.go:69.2,69.64 1 0
github.com/bryanchen463/quota_data_service/client/v1/test_config.go:69.64,70.60 1 0
github.com/bryanchen463/quota_data_service/client/v1/test_config.go:70.60,72.4 1 0
github.com/bryanchen463/quota_data_service/client/v1/test_config.go:75.2,75.15 1 0
github.com/bryanchen463/quota_data_service/client/v1/test_config.go:79.38,81.2 1 0
github.com/bryanchen463/quota_data_service/client/v1/test_config.go:84.25,86.2 1 0
